<?xml version="1.0" encoding="UTF-8"?>
<!-- Generated by org.testng.reporters.JUnitReportReporter -->
<testsuite skipped="0" hostname="LAPTOP-4RLFGVFV" name="com.tests.NewTest" tests="1" failures="0" timestamp="26 Jan 2024 05:04:16 GMT" time="3.826" errors="0">
  <testcase name="test01" time="3.826" classname="com.tests.NewTest"/>
</testsuite> <!-- com.tests.NewTest -->
